<?xml version="1.0" encoding="UTF-8"?>
<testsuite name="webencoder.storage.S3StorageServiceTests" time="53.15" tests="7" errors="1" skipped="0" failures="0">
  <properties>
    <property name="java.runtime.name" value="Java(TM) SE Runtime Environment"/>
    <property name="sun.boot.library.path" value="/usr/lib/jvm/java-8-oracle/jre/lib/amd64"/>
    <property name="java.vm.version" value="25.181-b13"/>
    <property name="java.vm.vendor" value="Oracle Corporation"/>
    <property name="maven.multiModuleProjectDirectory" value="/home/julio/Documentos/2018-2/VideoConverter"/>
    <property name="java.vendor.url" value="http://java.oracle.com/"/>
    <property name="path.separator" value=":"/>
    <property name="guice.disable.misplaced.annotation.check" value="true"/>
    <property name="java.vm.name" value="Java HotSpot(TM) 64-Bit Server VM"/>
    <property name="file.encoding.pkg" value="sun.io"/>
    <property name="user.country" value="BR"/>
    <property name="sun.java.launcher" value="SUN_STANDARD"/>
    <property name="sun.os.patch.level" value="unknown"/>
    <property name="java.vm.specification.name" value="Java Virtual Machine Specification"/>
    <property name="user.dir" value="/home/julio/Documentos/2018-2/VideoConverter"/>
    <property name="java.runtime.version" value="1.8.0_181-b13"/>
    <property name="java.awt.graphicsenv" value="sun.awt.X11GraphicsEnvironment"/>
    <property name="java.endorsed.dirs" value="/usr/lib/jvm/java-8-oracle/jre/lib/endorsed"/>
    <property name="os.arch" value="amd64"/>
    <property name="java.io.tmpdir" value="/tmp"/>
    <property name="line.separator" value="&#10;"/>
    <property name="java.vm.specification.vendor" value="Oracle Corporation"/>
    <property name="os.name" value="Linux"/>
    <property name="classworlds.conf" value="/opt/maven/bin/m2.conf"/>
    <property name="sun.jnu.encoding" value="UTF-8"/>
    <property name="java.library.path" value="/usr/java/packages/lib/amd64:/usr/lib64:/lib64:/lib:/usr/lib"/>
    <property name="java.specification.name" value="Java Platform API Specification"/>
    <property name="java.class.version" value="52.0"/>
    <property name="sun.management.compiler" value="HotSpot 64-Bit Tiered Compilers"/>
    <property name="os.version" value="4.4.0-133-generic"/>
    <property name="user.home" value="/home/julio"/>
    <property name="user.timezone" value="America/Sao_Paulo"/>
    <property name="java.awt.printerjob" value="sun.print.PSPrinterJob"/>
    <property name="file.encoding" value="UTF-8"/>
    <property name="java.specification.version" value="1.8"/>
    <property name="user.name" value="julio"/>
    <property name="java.class.path" value="/opt/maven/boot/plexus-classworlds-2.5.2.jar"/>
    <property name="java.vm.specification.version" value="1.8"/>
    <property name="sun.arch.data.model" value="64"/>
    <property name="java.home" value="/usr/lib/jvm/java-8-oracle/jre"/>
    <property name="sun.java.command" value="org.codehaus.plexus.classworlds.launcher.Launcher install"/>
    <property name="java.specification.vendor" value="Oracle Corporation"/>
    <property name="user.language" value="pt"/>
    <property name="awt.toolkit" value="sun.awt.X11.XToolkit"/>
    <property name="java.vm.info" value="mixed mode"/>
    <property name="java.version" value="1.8.0_181"/>
    <property name="java.ext.dirs" value="/usr/lib/jvm/java-8-oracle/jre/lib/ext:/usr/java/packages/lib/ext"/>
    <property name="securerandom.source" value="file:/dev/./urandom"/>
    <property name="sun.boot.class.path" value="/usr/lib/jvm/java-8-oracle/jre/lib/resources.jar:/usr/lib/jvm/java-8-oracle/jre/lib/rt.jar:/usr/lib/jvm/java-8-oracle/jre/lib/sunrsasign.jar:/usr/lib/jvm/java-8-oracle/jre/lib/jsse.jar:/usr/lib/jvm/java-8-oracle/jre/lib/jce.jar:/usr/lib/jvm/java-8-oracle/jre/lib/charsets.jar:/usr/lib/jvm/java-8-oracle/jre/lib/jfr.jar:/usr/lib/jvm/java-8-oracle/jre/classes"/>
    <property name="java.vendor" value="Oracle Corporation"/>
    <property name="maven.home" value="/opt/maven"/>
    <property name="file.separator" value="/"/>
    <property name="java.vendor.url.bug" value="http://bugreport.sun.com/bugreport/"/>
    <property name="sun.cpu.endian" value="little"/>
    <property name="sun.io.unicode.encoding" value="UnicodeLittle"/>
    <property name="sun.desktop" value="gnome"/>
    <property name="sun.cpu.isalist" value=""/>
  </properties>
  <testcase name="testgetKey" classname="webencoder.storage.S3StorageServiceTests" time="2.414"/>
  <testcase name="testStore" classname="webencoder.storage.S3StorageServiceTests" time="47.005">
    <error message="Your socket connection to the server was not read from or written to within the timeout period. Idle connections will be closed. (Service: Amazon S3; Status Code: 400; Error Code: RequestTimeout; Request ID: 38758F421130EEE8)" type="com.amazonaws.services.s3.model.AmazonS3Exception">com.amazonaws.services.s3.model.AmazonS3Exception: Your socket connection to the server was not read from or written to within the timeout period. Idle connections will be closed. (Service: Amazon S3; Status Code: 400; Error Code: RequestTimeout; Request ID: 38758F421130EEE8)
	at com.amazonaws.http.AmazonHttpClient.handleErrorResponse(AmazonHttpClient.java:1071)
	at com.amazonaws.http.AmazonHttpClient.executeOneRequest(AmazonHttpClient.java:719)
	at com.amazonaws.http.AmazonHttpClient.executeHelper(AmazonHttpClient.java:454)
	at com.amazonaws.http.AmazonHttpClient.execute(AmazonHttpClient.java:294)
	at com.amazonaws.services.s3.AmazonS3Client.invoke(AmazonS3Client.java:3658)
	at com.amazonaws.services.s3.AmazonS3Client.putObject(AmazonS3Client.java:1425)
	at webencoder.storage.S3StorageService.store(S3StorageService.java:90)
	at webencoder.storage.S3StorageServiceTests.testStore(S3StorageServiceTests.java:101)
</error>
    <system-out><![CDATA[**************************************
test_ouput/test.txt
2018-08-26 19:15:21.714  WARN note-julio --- [           main] c.a.s.s.AmazonS3Client                   : No content length specified for stream data.  Stream contents will be buffered in memory and could result in out of memory errors.
2018-08-26 19:15:25.581  WARN note-julio --- [           main] c.a.s.s.AmazonS3Client                   : Attempting to re-send the request to videocvrt.s3-external-1.amazonaws.com with AWS V4 authentication. To avoid this warning in the future, please use region-specific endpoint to access buckets located in regions that require V4 signing.
]]></system-out>
  </testcase>
  <testcase name="testLoad" classname="webencoder.storage.S3StorageServiceTests" time="3.696"/>
  <testcase name="testPath" classname="webencoder.storage.S3StorageServiceTests" time="0.004"/>
  <testcase name="testgetPrivateKey" classname="webencoder.storage.S3StorageServiceTests" time="0.005"/>
  <testcase name="testsetKeyNull" classname="webencoder.storage.S3StorageServiceTests" time="0.016"/>
  <testcase name="testsetPrivateKeyNull" classname="webencoder.storage.S3StorageServiceTests" time="0.01"/>
</testsuite>